[2021-02-05 00:54:17] Executing bootstrap tasks
[2021-02-05 00:54:17] OpenJDK Runtime Environment 14.0.2+12-46
[2021-02-05 00:54:17] Product org.eclipse.products.epp.package.java.2020-09
[2021-02-05 00:54:17] Bundle org.eclipse.oomph.setup 1.18.0.v20200820-0414, build=4828, branch=33d843c1d70f55bcaaf6421eb3af77b98e9fe9c0
[2021-02-05 00:54:17] Bundle org.eclipse.oomph.setup.core 1.18.0.v20200624-1156, build=4828, branch=33d843c1d70f55bcaaf6421eb3af77b98e9fe9c0
[2021-02-05 00:54:17] Bundle org.eclipse.oomph.setup.p2 1.16.0.v20200814-1205, build=4828, branch=33d843c1d70f55bcaaf6421eb3af77b98e9fe9c0
[2021-02-05 00:54:17] Performing P2 Director (Eclipse IDE for Java Developers (2020-09))
[2021-02-05 00:54:17] Offline = false
[2021-02-05 00:54:17] Mirrors = true
[2021-02-05 00:54:17] Resolving 16 requirements from 3 repositoriesto C:\Users\cm\Desktop\java-2020-09\eclipse
[2021-02-05 00:54:17] Requirement org.eclipse.equinox.p2.iu:epp.package.java [4.17.0,5.0.0)
[2021-02-05 00:54:17] Requirement org.eclipse.equinox.p2.iu:org.eclipse.platform.feature.group [4.17.0,5.0.0)
[2021-02-05 00:54:17] Requirement org.eclipse.equinox.p2.iu:org.eclipse.rcp.feature.group [4.17.0,5.0.0)
[2021-02-05 00:54:17] Requirement org.eclipse.equinox.p2.iu:org.eclipse.buildship.feature.group
[2021-02-05 00:54:17] Requirement org.eclipse.equinox.p2.iu:org.eclipse.eclemma.feature.feature.group
[2021-02-05 00:54:17] Requirement org.eclipse.equinox.p2.iu:org.eclipse.egit.feature.group
[2021-02-05 00:54:17] Requirement org.eclipse.equinox.p2.iu:org.eclipse.epp.mpc.feature.group
[2021-02-05 00:54:17] Requirement org.eclipse.equinox.p2.iu:org.eclipse.jdt.feature.group
[2021-02-05 00:54:17] Requirement org.eclipse.equinox.p2.iu:org.eclipse.jgit.feature.group
[2021-02-05 00:54:17] Requirement org.eclipse.equinox.p2.iu:org.eclipse.m2e.feature.feature.group
[2021-02-05 00:54:17] Requirement org.eclipse.equinox.p2.iu:org.eclipse.m2e.lemminx.feature.feature.group
[2021-02-05 00:54:17] Requirement org.eclipse.equinox.p2.iu:org.eclipse.m2e.logback.feature.feature.group
[2021-02-05 00:54:17] Requirement org.eclipse.equinox.p2.iu:org.eclipse.mylyn.wikitext.editors_feature.feature.group
[2021-02-05 00:54:17] Requirement org.eclipse.equinox.p2.iu:org.eclipse.tips.feature.feature.group
[2021-02-05 00:54:17] Requirement org.eclipse.equinox.p2.iu:org.eclipse.wildwebdeveloper.xml.feature.feature.group
[2021-02-05 00:54:17] Requirement org.eclipse.equinox.p2.iu:org.eclipse.oomph.setup.feature.group
[2021-02-05 00:54:17] Repository http://download.eclipse.org/technology/epp/packages/2020-09/202009101200
[2021-02-05 00:54:17] Repository http://download.eclipse.org/releases/2020-09/202009161000
[2021-02-05 00:54:17] Repository http://download.eclipse.org/oomph/updates/milestone/latest
[2021-02-05 00:54:22] Calculating requirements and dependencies.
[2021-02-05 00:54:23] Computing prerequisite plan
[2021-02-05 00:54:30] Collecting 1 artifacts from http://download.eclipse.org/technology/epp/packages/2020-09/202009101200
[2021-02-05 00:54:30] Downloading epp.package.java.executable.win32.win32.x86_64
[2021-02-05 00:54:30] Collected 1 artifacts for http://download.eclipse.org/technology/epp/packages/2020-09/202009101200 in 0.005s
[2021-02-05 00:54:30] Collecting 3 artifacts from http://download.eclipse.org/releases/2020-09/202009161000
[2021-02-05 00:54:31] Downloading org.eclipse.platform_root
[2021-02-05 00:54:31] Downloading org.eclipse.rcp_root
[2021-02-05 00:54:31] Downloading org.eclipse.platform.ide.executable.win32.win32.x86_64
[2021-02-05 00:54:31] Collected 3 artifacts for http://download.eclipse.org/releases/2020-09/202009161000 in 1.174s
[2021-02-05 00:54:50] Installing a.jre.javase [15.0.0]
[2021-02-05 00:54:50] Installing ch.qos.logback.classic [1.2.3.v20200428-2012]
[2021-02-05 00:54:50] Installing ch.qos.logback.core [1.2.3.v20200428-2012]
[2021-02-05 00:54:50] Installing ch.qos.logback.slf4j [1.2.3.v20200428-2012]
[2021-02-05 00:54:50] Installing com.google.gson [2.8.2.v20180104-1110]
[2021-02-05 00:54:50] Installing com.google.guava [27.1.0.v20190517-1946]
[2021-02-05 00:54:50] Installing com.ibm.icu [67.1.0.v20200706-1749]
[2021-02-05 00:54:50] Installing com.jcraft.jsch [0.1.55.v20190404-1902]
[2021-02-05 00:54:50] Installing com.jcraft.jzlib [1.1.1.v201205102305]
[2021-02-05 00:54:50] Installing com.mountainminds.eclemma.core [3.1.3.202003132300]
[2021-02-05 00:54:50] Installing com.sun.el [2.2.0.v201303151357]
[2021-02-05 00:54:50] Installing com.sun.jna [4.5.1.v20190425-1842]
[2021-02-05 00:54:50] Installing com.sun.jna.platform [4.5.1.v20190425-1842]
[2021-02-05 00:54:50] Installing epp.package.java [4.17.0.20200910-1200]
[2021-02-05 00:54:50] Installing epp.package.java.executable.win32.win32.x86_64 [4.17.0.20200910-1200]
[2021-02-05 00:54:50] Installing epp.package.java.executable.win32.win32.x86_64.eclipse [4.17.0.20200910-1200]
[2021-02-05 00:54:50] Installing javaewah [1.1.7.v20200107-0831]
[2021-02-05 00:54:50] Installing javax.annotation [1.3.5.v20200504-1837]
[2021-02-05 00:54:50] Installing javax.el [2.2.0.v201303151357]
[2021-02-05 00:54:50] Installing javax.inject [1.0.0.v20091030]
[2021-02-05 00:54:50] Installing javax.servlet [3.1.0.v201410161800]
[2021-02-05 00:54:50] Installing javax.servlet.jsp [2.2.0.v201112011158]
[2021-02-05 00:54:50] Installing javax.xml [1.3.4.v201005080400]
[2021-02-05 00:54:50] Installing net.i2p.crypto.eddsa [0.3.0.v20181102-1323]
[2021-02-05 00:54:50] Installing org.apache.ant [1.10.8.v20200515-1239]
[2021-02-05 00:54:50] Installing org.apache.batik.constants [1.13.0.v20200622-2037]
[2021-02-05 00:54:50] Installing org.apache.batik.css [1.13.0.v20200622-2037]
[2021-02-05 00:54:50] Installing org.apache.batik.i18n [1.13.0.v20200622-2037]
[2021-02-05 00:54:50] Installing org.apache.batik.util [1.13.0.v20200622-2037]
[2021-02-05 00:54:50] Installing org.apache.commons.codec [1.13.0.v20200108-0001]
[2021-02-05 00:54:50] Installing org.apache.commons.compress [1.19.0.v20200106-2343]
[2021-02-05 00:54:50] Installing org.apache.commons.io [2.6.0.v20190123-2029]
[2021-02-05 00:54:50] Installing org.apache.commons.jxpath [1.3.0.v200911051830]
[2021-02-05 00:54:50] Installing org.apache.commons.lang [2.6.0.v201404270220]
[2021-02-05 00:54:50] Installing org.apache.commons.logging [1.2.0.v20180409-1502]
[2021-02-05 00:54:50] Installing org.apache.felix.gogo.command [1.0.2.v20170914-1324]
[2021-02-05 00:54:50] Installing org.apache.felix.gogo.runtime [1.1.0.v20180713-1646]
[2021-02-05 00:54:50] Installing org.apache.felix.gogo.shell [1.1.0.v20180713-1646]
[2021-02-05 00:54:50] Installing org.apache.felix.scr [2.1.16.v20200110-1820]
[2021-02-05 00:54:50] Installing org.apache.httpcomponents.httpclient [4.5.10.v20200830-2311]
[2021-02-05 00:54:50] Installing org.apache.httpcomponents.httpclient.win [4.5.10.v20200113-2105]
[2021-02-05 00:54:50] Installing org.apache.httpcomponents.httpcore [4.4.12.v20200108-1212]
[2021-02-05 00:54:50] Installing org.apache.jasper.glassfish [2.2.2.v201501141630]
[2021-02-05 00:54:50] Installing org.apache.lucene.analyzers-common [8.4.1.v20200122-1459]
[2021-02-05 00:54:50] Installing org.apache.lucene.analyzers-smartcn [8.4.1.v20200122-1459]
[2021-02-05 00:54:50] Installing org.apache.lucene.core [8.4.1.v20200122-1459]
[2021-02-05 00:54:50] Installing org.apache.sshd.osgi [2.4.0.v20200318-1614]
[2021-02-05 00:54:50] Installing org.apache.sshd.sftp [2.4.0.v20200319-1547]
[2021-02-05 00:54:50] Installing org.apache.xerces [2.9.0.v201101211617]
[2021-02-05 00:54:50] Installing org.apache.xml.resolver [1.2.0.v201005080400]
[2021-02-05 00:54:50] Installing org.apache.xml.serializer [2.7.1.v201005080400]
[2021-02-05 00:54:50] Installing org.apache.xmlgraphics [2.4.0.v20200622-2037]
[2021-02-05 00:54:50] Installing org.apiguardian [1.1.0.v20190826-0900]
[2021-02-05 00:54:50] Installing org.bouncycastle.bcpg [1.65.0.v20200527-1955]
[2021-02-05 00:54:50] Installing org.bouncycastle.bcpkix [1.65.0.v20200527-1955]
[2021-02-05 00:54:50] Installing org.bouncycastle.bcprov [1.65.1.v20200529-1514]
[2021-02-05 00:54:50] Installing org.eclipse.ant.core [3.5.800.v20200608-1251]
[2021-02-05 00:54:50] Installing org.eclipse.ant.launching [1.2.1000.v20200610-1458]
[2021-02-05 00:54:50] Installing org.eclipse.ant.ui [3.7.900.v20200724-1008]
[2021-02-05 00:54:50] Installing org.eclipse.buildship.branding [3.1.4.v20200326-1743]
[2021-02-05 00:54:50] Installing org.eclipse.buildship.core [3.1.4.v20200326-1743]
[2021-02-05 00:54:50] Installing org.eclipse.buildship.feature.group [3.1.4.v20200326-1743]
[2021-02-05 00:54:50] Installing org.eclipse.buildship.feature.jar [3.1.4.v20200326-1743]
[2021-02-05 00:54:50] Installing org.eclipse.buildship.stsmigration [3.1.4.v20200326-1743]
[2021-02-05 00:54:50] Installing org.eclipse.buildship.ui [3.1.4.v20200326-1743]
[2021-02-05 00:54:50] Installing org.eclipse.compare [3.7.1100.v20200611-0145]
[2021-02-05 00:54:50] Installing org.eclipse.compare.core [3.6.900.v20200412-2017]
[2021-02-05 00:54:50] Installing org.eclipse.compare.win32 [1.2.800.v20200127-1343]
[2021-02-05 00:54:50] Installing org.eclipse.core.commands [3.9.700.v20191217-1850]
[2021-02-05 00:54:50] Installing org.eclipse.core.contenttype [3.7.800.v20200724-0804]
[2021-02-05 00:54:50] Installing org.eclipse.core.databinding [1.10.0.v20200815-1752]
[2021-02-05 00:54:50] Installing org.eclipse.core.databinding.beans [1.7.0.v20200717-1533]
[2021-02-05 00:54:50] Installing org.eclipse.core.databinding.observable [1.10.0.v20200730-0848]
[2021-02-05 00:54:50] Installing org.eclipse.core.databinding.property [1.8.100.v20200619-0651]
[2021-02-05 00:54:50] Installing org.eclipse.core.expressions [3.7.0.v20200720-1126]
[2021-02-05 00:54:50] Installing org.eclipse.core.externaltools [1.1.700.v20200416-1310]
[2021-02-05 00:54:50] Installing org.eclipse.core.filebuffers [3.6.1000.v20200409-1035]
[2021-02-05 00:54:50] Installing org.eclipse.core.filesystem [1.7.700.v20200110-1734]
[2021-02-05 00:54:50] Installing org.eclipse.core.filesystem.win32.x86_64 [1.4.200.v20190812-0909]
[2021-02-05 00:54:50] Installing org.eclipse.core.jobs [3.10.800.v20200421-0950]
[2021-02-05 00:54:50] Installing org.eclipse.core.net [1.3.1000.v20200715-0827]
[2021-02-05 00:54:50] Installing org.eclipse.core.net.win32.x86_64 [1.1.500.v20190925-1337]
[2021-02-05 00:54:50] Installing org.eclipse.core.resources [3.13.800.v20200706-2152]
[2021-02-05 00:54:50] Installing org.eclipse.core.resources.win32.x86_64 [3.5.400.v20190812-0909]
[2021-02-05 00:54:50] Installing org.eclipse.core.runtime [3.19.0.v20200724-1004]
[2021-02-05 00:54:50] Installing org.eclipse.core.variables [3.4.800.v20200120-1101]
[2021-02-05 00:54:50] Installing org.eclipse.debug.core [3.16.0.v20200828-0817]
[2021-02-05 00:54:50] Installing org.eclipse.debug.ui [3.14.600.v20200828-0817]
[2021-02-05 00:54:50] Installing org.eclipse.e4.core.commands [0.12.900.v20200110-1732]
[2021-02-05 00:54:50] Installing org.eclipse.e4.core.contexts [1.8.400.v20191217-1710]
[2021-02-05 00:54:50] Installing org.eclipse.e4.core.di [1.7.600.v20200428-0912]
[2021-02-05 00:54:50] Installing org.eclipse.e4.core.di.annotations [1.6.600.v20191216-2352]
[2021-02-05 00:54:50] Installing org.eclipse.e4.core.di.extensions [0.16.0.v20200507-0938]
[2021-02-05 00:54:50] Installing org.eclipse.e4.core.di.extensions.supplier [0.15.700.v20200622-1247]
[2021-02-05 00:54:50] Installing org.eclipse.e4.core.services [2.2.400.v20200622-1247]
[2021-02-05 00:54:50] Installing org.eclipse.e4.emf.xpath [0.2.800.v20200609-0849]
[2021-02-05 00:54:50] Installing org.eclipse.e4.rcp.feature.group [4.17.0.v20200831-1002]
[2021-02-05 00:54:50] Installing org.eclipse.e4.rcp.feature.jar [4.17.0.v20200831-1002]
[2021-02-05 00:54:50] Installing org.eclipse.e4.ui.bindings [0.12.900.v20200513-0930]
[2021-02-05 00:54:50] Installing org.eclipse.e4.ui.css.core [0.12.1300.v20200615-1701]
[2021-02-05 00:54:50] Installing org.eclipse.e4.ui.css.swt [0.13.1100.v20200819-0632]
[2021-02-05 00:54:50] Installing org.eclipse.e4.ui.css.swt.theme [0.12.700.v20200527-0719]
[2021-02-05 00:54:50] Installing org.eclipse.e4.ui.di [1.2.800.v20200128-0855]
[2021-02-05 00:54:50] Installing org.eclipse.e4.ui.dialogs [1.2.0.v20200807-0944]
[2021-02-05 00:54:50] Installing org.eclipse.e4.ui.ide [3.15.100.v20200323-2111]
[2021-02-05 00:54:50] Installing org.eclipse.e4.ui.model.workbench [2.1.800.v20200828-0938]
[2021-02-05 00:54:50] Installing org.eclipse.e4.ui.services [1.3.700.v20190930-1643]
[2021-02-05 00:54:50] Installing org.eclipse.e4.ui.swt.win32 [1.0.700.v20200607-1314]
[2021-02-05 00:54:50] Installing org.eclipse.e4.ui.widgets [1.2.700.v20191222-1048]
[2021-02-05 00:54:50] Installing org.eclipse.e4.ui.workbench [1.11.400.v20200828-0938]
[2021-02-05 00:54:50] Installing org.eclipse.e4.ui.workbench.addons.swt [1.3.1100.v20200703-0611]
[2021-02-05 00:54:50] Installing org.eclipse.e4.ui.workbench.renderers.swt [0.14.1300.v20200829-1411]
[2021-02-05 00:54:50] Installing org.eclipse.e4.ui.workbench.swt [0.14.1100.v20200619-0644]
[2021-02-05 00:54:50] Installing org.eclipse.e4.ui.workbench3 [0.15.400.v20191216-0805]
[2021-02-05 00:54:50] Installing org.eclipse.ecf [3.9.100.v20200611-2221]
[2021-02-05 00:54:50] Installing org.eclipse.ecf.core.feature.feature.group [1.5.700.v20200812-2314]
[2021-02-05 00:54:50] Installing org.eclipse.ecf.core.feature.feature.jar [1.5.700.v20200812-2314]
[2021-02-05 00:54:50] Installing org.eclipse.ecf.core.ssl.feature.feature.group [1.1.500.v20200812-2314]
[2021-02-05 00:54:50] Installing org.eclipse.ecf.core.ssl.feature.feature.jar [1.1.500.v20200812-2314]
[2021-02-05 00:54:50] Installing org.eclipse.ecf.filetransfer [5.1.100.v20200611-2221]
[2021-02-05 00:54:50] Installing org.eclipse.ecf.filetransfer.feature.feature.group [3.14.1400.v20200812-2314]
[2021-02-05 00:54:50] Installing org.eclipse.ecf.filetransfer.feature.feature.jar [3.14.1400.v20200812-2314]
[2021-02-05 00:54:50] Installing org.eclipse.ecf.filetransfer.httpclient45.feature.feature.group [1.0.600.v20200816-1842]
[2021-02-05 00:54:50] Installing org.eclipse.ecf.filetransfer.httpclient45.feature.feature.jar [1.0.600.v20200816-1842]
[2021-02-05 00:54:50] Installing org.eclipse.ecf.filetransfer.ssl.feature.feature.group [1.1.400.v20200812-2314]
[2021-02-05 00:54:50] Installing org.eclipse.ecf.filetransfer.ssl.feature.feature.jar [1.1.400.v20200812-2314]
[2021-02-05 00:54:50] Installing org.eclipse.ecf.identity [3.9.400.v20200611-2221]
[2021-02-05 00:54:50] Installing org.eclipse.ecf.provider.filetransfer [3.2.600.v20200611-2221]
[2021-02-05 00:54:50] Installing org.eclipse.ecf.provider.filetransfer.httpclient45 [1.0.300.v20200611-1836]
[2021-02-05 00:54:50] Installing org.eclipse.ecf.provider.filetransfer.httpclient45.win32 [1.0.300.v20200816-1842]
[2021-02-05 00:54:50] Installing org.eclipse.ecf.provider.filetransfer.ssl [1.0.200.v20200611-1836]
[2021-02-05 00:54:50] Installing org.eclipse.ecf.ssl [1.2.400.v20200611-2220]
[2021-02-05 00:54:50] Installing org.eclipse.eclemma.core [3.1.3.202003132300]
[2021-02-05 00:54:50] Installing org.eclipse.eclemma.doc [3.1.3.202003132300]
[2021-02-05 00:54:50] Installing org.eclipse.eclemma.feature.feature.group [3.1.3.202003132300]
[2021-02-05 00:54:50] Installing org.eclipse.eclemma.feature.feature.jar [3.1.3.202003132300]
[2021-02-05 00:54:50] Installing org.eclipse.eclemma.ui [3.1.3.202003132300]
[2021-02-05 00:54:50] Installing org.eclipse.egit [5.9.0.202009080501-r]
[2021-02-05 00:54:50] Installing org.eclipse.egit.core [5.9.0.202009080501-r]
[2021-02-05 00:54:50] Installing org.eclipse.egit.doc [5.9.0.202009080501-r]
[2021-02-05 00:54:50] Installing org.eclipse.egit.feature.group [5.9.0.202009080501-r]
[2021-02-05 00:54:50] Installing org.eclipse.egit.feature.jar [5.9.0.202009080501-r]
[2021-02-05 00:54:50] Installing org.eclipse.egit.ui [5.9.0.202009080501-r]
[2021-02-05 00:54:50] Installing org.eclipse.emf.common [2.20.0.v20200822-0801]
[2021-02-05 00:54:50] Installing org.eclipse.emf.common.feature.group [2.20.0.v20200822-0801]
[2021-02-05 00:54:50] Installing org.eclipse.emf.common.feature.jar [2.20.0.v20200822-0801]
[2021-02-05 00:54:50] Installing org.eclipse.emf.common.ui [2.18.0.v20190507-0402]
[2021-02-05 00:54:50] Installing org.eclipse.emf.ecore [2.23.0.v20200630-0516]
[2021-02-05 00:54:50] Installing org.eclipse.emf.ecore.change [2.14.0.v20190528-0725]
[2021-02-05 00:54:50] Installing org.eclipse.emf.ecore.edit [2.13.0.v20190822-1451]
[2021-02-05 00:54:50] Installing org.eclipse.emf.ecore.feature.group [2.23.0.v20200630-0516]
[2021-02-05 00:54:50] Installing org.eclipse.emf.ecore.feature.jar [2.23.0.v20200630-0516]
[2021-02-05 00:54:50] Installing org.eclipse.emf.ecore.xmi [2.16.0.v20190528-0725]
[2021-02-05 00:54:50] Installing org.eclipse.emf.edit [2.16.0.v20190920-0401]
[2021-02-05 00:54:50] Installing org.eclipse.emf.edit.ui [2.18.0.v20200205-0529]
[2021-02-05 00:54:50] Installing org.eclipse.epp.mpc.core [1.8.4.v20200709-0857]
[2021-02-05 00:54:51] Installing org.eclipse.epp.mpc.core.win32 [1.8.4.v20200706-1249]
[2021-02-05 00:54:51] Installing org.eclipse.epp.mpc.feature.group [1.8.4.v20200709-0857]
[2021-02-05 00:54:51] Installing org.eclipse.epp.mpc.feature.jar [1.8.4.v20200709-0857]
[2021-02-05 00:54:51] Installing org.eclipse.epp.mpc.help.ui [1.8.4.v20200706-1249]
[2021-02-05 00:54:51] Installing org.eclipse.epp.mpc.ui [1.8.4.v20200706-2144]
[2021-02-05 00:54:51] Installing org.eclipse.epp.mpc.ui.css [1.8.4.v20200706-1249]
[2021-02-05 00:54:51] Installing org.eclipse.epp.package.common [4.17.0.20200910-1200]
[2021-02-05 00:54:51] Installing org.eclipse.epp.package.common.feature.feature.group [4.17.0.20200910-1200]
[2021-02-05 00:54:51] Installing org.eclipse.epp.package.common.feature.feature.jar [4.17.0.20200910-1200]
[2021-02-05 00:54:51] Installing org.eclipse.epp.package.java [4.17.0.20200910-1200]
[2021-02-05 00:54:51] Installing org.eclipse.epp.package.java.feature.feature.group [4.17.0.20200910-1200]
[2021-02-05 00:54:51] Installing org.eclipse.epp.package.java.feature.feature.jar [4.17.0.20200910-1200]
[2021-02-05 00:54:51] Installing org.eclipse.equinox.app [1.5.0.v20200717-0620]
[2021-02-05 00:54:51] Installing org.eclipse.equinox.bidi [1.3.0.v20200612-1624]
[2021-02-05 00:54:51] Installing org.eclipse.equinox.common [3.13.0.v20200828-1034]
[2021-02-05 00:54:51] Installing org.eclipse.equinox.concurrent [1.1.500.v20200106-1437]
[2021-02-05 00:54:51] Installing org.eclipse.equinox.console [1.4.200.v20200828-1034]
[2021-02-05 00:54:51] Installing org.eclipse.equinox.event [1.5.500.v20200616-0800]
[2021-02-05 00:54:51] Installing org.eclipse.equinox.frameworkadmin [2.1.400.v20191002-0702]
[2021-02-05 00:54:51] Installing org.eclipse.equinox.frameworkadmin.equinox [1.1.400.v20200319-1546]
[2021-02-05 00:54:51] Installing org.eclipse.equinox.http.jetty [3.7.400.v20200123-1333]
[2021-02-05 00:54:51] Installing org.eclipse.equinox.http.registry [1.2.0.v20200614-1851]
[2021-02-05 00:54:51] Installing org.eclipse.equinox.http.servlet [1.6.600.v20200707-1543]
[2021-02-05 00:54:51] Installing org.eclipse.equinox.jsp.jasper [1.1.500.v20200422-1833]
[2021-02-05 00:54:51] Installing org.eclipse.equinox.jsp.jasper.registry [1.1.400.v20200422-1833]
[2021-02-05 00:54:51] Installing org.eclipse.equinox.launcher [1.5.800.v20200727-1323]
[2021-02-05 00:54:51] Installing org.eclipse.equinox.launcher.win32.win32.x86_64 [1.1.1300.v20200819-0940]
[2021-02-05 00:54:51] Installing org.eclipse.equinox.p2.artifact.repository [1.3.500.v20200406-2025]
[2021-02-05 00:54:51] Installing org.eclipse.equinox.p2.console [1.1.300.v20191014-1219]
[2021-02-05 00:54:51] Installing org.eclipse.equinox.p2.core [2.6.300.v20200211-1504]
[2021-02-05 00:54:51] Installing org.eclipse.equinox.p2.core.feature.feature.group [1.6.700.v20200813-0739]
[2021-02-05 00:54:51] Installing org.eclipse.equinox.p2.core.feature.feature.jar [1.6.700.v20200813-0739]
[2021-02-05 00:54:51] Installing org.eclipse.equinox.p2.director [2.4.700.v20200511-1530]
[2021-02-05 00:54:51] Installing org.eclipse.equinox.p2.director.app [1.1.600.v20200511-1530]
[2021-02-05 00:54:51] Installing org.eclipse.equinox.p2.directorywatcher [1.2.500.v20191211-1631]
[2021-02-05 00:54:51] Installing org.eclipse.equinox.p2.discovery [1.1.200.v20190611-1008]
[2021-02-05 00:54:51] Installing org.eclipse.equinox.p2.discovery.compatibility [1.1.200.v20190611-1008]
[2021-02-05 00:54:51] Installing org.eclipse.equinox.p2.discovery.feature.feature.group [1.2.700.v20200705-1016]
[2021-02-05 00:54:51] Installing org.eclipse.equinox.p2.discovery.feature.feature.jar [1.2.700.v20200705-1016]
[2021-02-05 00:54:51] Installing org.eclipse.equinox.p2.engine [2.6.700.v20200511-1530]
[2021-02-05 00:54:51] Installing org.eclipse.equinox.p2.extensionlocation [1.3.400.v20191213-1911]
[2021-02-05 00:54:51] Installing org.eclipse.equinox.p2.extras.feature.feature.group [1.4.900.v20200828-0839]
[2021-02-05 00:54:51] Installing org.eclipse.equinox.p2.extras.feature.feature.jar [1.4.900.v20200828-0839]
[2021-02-05 00:54:51] Installing org.eclipse.equinox.p2.garbagecollector [1.1.400.v20200221-1022]
[2021-02-05 00:54:51] Installing org.eclipse.equinox.p2.jarprocessor [1.1.600.v20200217-1130]
[2021-02-05 00:54:51] Installing org.eclipse.equinox.p2.metadata [2.5.0.v20200511-1530]
[2021-02-05 00:54:51] Installing org.eclipse.equinox.p2.metadata.repository [1.3.400.v20191211-1528]
[2021-02-05 00:54:51] Installing org.eclipse.equinox.p2.operations [2.5.900.v20200808-1311]
[2021-02-05 00:54:51] Installing org.eclipse.equinox.p2.publisher [1.5.400.v20200511-1530]
[2021-02-05 00:54:51] Installing org.eclipse.equinox.p2.publisher.eclipse [1.3.700.v20200828-0839]
[2021-02-05 00:54:51] Installing org.eclipse.equinox.p2.rcp.feature.feature.group [1.4.900.v20200813-0739]
[2021-02-05 00:54:51] Installing org.eclipse.equinox.p2.rcp.feature.feature.jar [1.4.900.v20200813-0739]
[2021-02-05 00:54:51] Installing org.eclipse.equinox.p2.reconciler.dropins [1.3.400.v20200511-1530]
[2021-02-05 00:54:51] Installing org.eclipse.equinox.p2.repository [2.4.800.v20200813-0739]
[2021-02-05 00:54:51] Installing org.eclipse.equinox.p2.repository.tools [2.2.500.v20200110-2121]
[2021-02-05 00:54:51] Installing org.eclipse.equinox.p2.touchpoint.eclipse [2.2.700.v20200813-0739]
[2021-02-05 00:54:51] Installing org.eclipse.equinox.p2.touchpoint.natives [1.3.600.v20200511-1530]
[2021-02-05 00:54:51] Installing org.eclipse.equinox.p2.transport.ecf [1.2.400.v20200123-2221]
[2021-02-05 00:54:51] Installing org.eclipse.equinox.p2.ui [2.6.100.v20200731-1005]
[2021-02-05 00:54:51] Installing org.eclipse.equinox.p2.ui.discovery [1.1.600.v20200705-1016]
[2021-02-05 00:54:51] Installing org.eclipse.equinox.p2.ui.importexport [1.2.500.v20200731-1005]
[2021-02-05 00:54:51] Installing org.eclipse.equinox.p2.ui.sdk [1.1.700.v20200731-1005]
[2021-02-05 00:54:51] Installing org.eclipse.equinox.p2.ui.sdk.scheduler [1.4.800.v20200731-1005]
[2021-02-05 00:54:51] Installing org.eclipse.equinox.p2.updatechecker [1.2.300.v20200222-1600]
[2021-02-05 00:54:51] Installing org.eclipse.equinox.p2.updatesite [1.1.400.v20200511-1530]
[2021-02-05 00:54:51] Installing org.eclipse.equinox.p2.user.ui.feature.group [2.4.900.v20200828-0839]
[2021-02-05 00:54:51] Installing org.eclipse.equinox.p2.user.ui.feature.jar [2.4.900.v20200828-0839]
[2021-02-05 00:54:51] Installing org.eclipse.equinox.preferences [3.8.0.v20200422-1833]
[2021-02-05 00:54:51] Installing org.eclipse.equinox.registry [3.9.0.v20200625-1425]
[2021-02-05 00:54:51] Installing org.eclipse.equinox.security [1.3.500.v20200114-1637]
[2021-02-05 00:54:51] Installing org.eclipse.equinox.security.ui [1.2.700.v20200807-1518]
[2021-02-05 00:54:51] Installing org.eclipse.equinox.security.win32.x86_64 [1.1.200.v20190812-0919]
[2021-02-05 00:54:51] Installing org.eclipse.equinox.simpleconfigurator [1.3.600.v20200721-1308]
[2021-02-05 00:54:51] Installing org.eclipse.equinox.simpleconfigurator.manipulator [2.1.500.v20200211-1505]
[2021-02-05 00:54:51] Installing org.eclipse.help [3.8.800.v20200525-0755]
[2021-02-05 00:54:51] Installing org.eclipse.help.base [4.3.0.v20200902-1800]
[2021-02-05 00:54:51] Installing org.eclipse.help.feature.group [2.3.300.v20200902-1800]
[2021-02-05 00:54:51] Installing org.eclipse.help.feature.jar [2.3.300.v20200902-1800]
[2021-02-05 00:54:51] Installing org.eclipse.help.ui [4.2.0.v20200724-0708]
[2021-02-05 00:54:51] Installing org.eclipse.help.webapp [3.10.0.v20200724-0708]
[2021-02-05 00:54:51] Installing org.eclipse.jdt [3.18.500.v20200902-1800]
[2021-02-05 00:54:51] Installing org.eclipse.jdt.annotation [1.1.500.v20200407-1355]
[2021-02-05 00:54:51] Installing org.eclipse.jdt.apt.core [3.6.700.v20200828-0941]
[2021-02-05 00:54:51] Installing org.eclipse.jdt.apt.pluggable.core [1.2.500.v20200322-1447]
[2021-02-05 00:54:51] Installing org.eclipse.jdt.apt.ui [3.6.500.v20200828-1336]
[2021-02-05 00:54:51] Installing org.eclipse.jdt.compiler.apt [1.3.1100.v20200828-0941]
[2021-02-05 00:54:51] Installing org.eclipse.jdt.compiler.tool [1.2.1000.v20200828-0941]
[2021-02-05 00:54:51] Installing org.eclipse.jdt.core [3.23.0.v20200828-0941]
[2021-02-05 00:54:51] Installing org.eclipse.jdt.core.formatterapp [1.0.0.v20200119-0748]
[2021-02-05 00:54:51] Installing org.eclipse.jdt.core.manipulation [1.14.100.v20200817-2001]
[2021-02-05 00:54:51] Installing org.eclipse.jdt.debug [3.16.0.v20200828-0821]
[2021-02-05 00:54:51] Installing org.eclipse.jdt.debug.ui [3.12.0.v20200828-0821]
[2021-02-05 00:54:51] Installing org.eclipse.jdt.doc.user [3.15.800.v20200828-1432]
[2021-02-05 00:54:51] Installing org.eclipse.jdt.feature.group [3.18.500.v20200902-1800]
[2021-02-05 00:54:51] Installing org.eclipse.jdt.feature.jar [3.18.500.v20200902-1800]
[2021-02-05 00:54:51] Installing org.eclipse.jdt.junit [3.11.900.v20200828-0853]
[2021-02-05 00:54:51] Installing org.eclipse.jdt.junit.core [3.10.800.v20200817-1957]
[2021-02-05 00:54:51] Installing org.eclipse.jdt.junit.runtime [3.5.300.v20200720-0748]
[2021-02-05 00:54:51] Installing org.eclipse.jdt.junit4.runtime [1.1.1300.v20200720-0748]
[2021-02-05 00:54:51] Installing org.eclipse.jdt.junit5.runtime [1.0.1000.v20200720-0748]
[2021-02-05 00:54:51] Installing org.eclipse.jdt.launching [3.18.0.v20200824-1854]
[2021-02-05 00:54:51] Installing org.eclipse.jdt.ui [3.21.200.v20200828-0853]
[2021-02-05 00:54:51] Installing org.eclipse.jetty.continuation [9.4.31.v20200723]
[2021-02-05 00:54:51] Installing org.eclipse.jetty.http [9.4.31.v20200723]
[2021-02-05 00:54:51] Installing org.eclipse.jetty.io [9.4.31.v20200723]
[2021-02-05 00:54:51] Installing org.eclipse.jetty.security [9.4.31.v20200723]
[2021-02-05 00:54:51] Installing org.eclipse.jetty.server [9.4.31.v20200723]
[2021-02-05 00:54:51] Installing org.eclipse.jetty.servlet [9.4.31.v20200723]
[2021-02-05 00:54:51] Installing org.eclipse.jetty.util [9.4.31.v20200723]
[2021-02-05 00:54:51] Installing org.eclipse.jface [3.21.0.v20200821-1458]
[2021-02-05 00:54:51] Installing org.eclipse.jface.databinding [1.12.0.v20200717-1533]
[2021-02-05 00:54:51] Installing org.eclipse.jface.notifications [0.2.0.v20200810-0826]
[2021-02-05 00:54:51] Installing org.eclipse.jface.text [3.16.400.v20200807-0831]
[2021-02-05 00:54:51] Installing org.eclipse.jgit [5.9.0.202009080501-r]
[2021-02-05 00:54:51] Installing org.eclipse.jgit.archive [5.9.0.202009080501-r]
[2021-02-05 00:54:51] Installing org.eclipse.jgit.feature.group [5.9.0.202009080501-r]
[2021-02-05 00:54:51] Installing org.eclipse.jgit.feature.jar [5.9.0.202009080501-r]
[2021-02-05 00:54:51] Installing org.eclipse.jgit.gpg.bc [5.9.0.202009080501-r]
[2021-02-05 00:54:51] Installing org.eclipse.jgit.gpg.bc.feature.group [5.9.0.202009080501-r]
[2021-02-05 00:54:51] Installing org.eclipse.jgit.gpg.bc.feature.jar [5.9.0.202009080501-r]
[2021-02-05 00:54:51] Installing org.eclipse.jgit.http.apache [5.9.0.202009080501-r]
[2021-02-05 00:54:51] Installing org.eclipse.jgit.http.apache.feature.group [5.9.0.202009080501-r]
[2021-02-05 00:54:51] Installing org.eclipse.jgit.http.apache.feature.jar [5.9.0.202009080501-r]
[2021-02-05 00:54:51] Installing org.eclipse.jgit.ssh.apache [5.9.0.202009080501-r]
[2021-02-05 00:54:51] Installing org.eclipse.jgit.ssh.apache.feature.group [5.9.0.202009080501-r]
[2021-02-05 00:54:51] Installing org.eclipse.jgit.ssh.apache.feature.jar [5.9.0.202009080501-r]
[2021-02-05 00:54:51] Installing org.eclipse.jgit.ssh.jsch [5.9.0.202009080501-r]
[2021-02-05 00:54:51] Installing org.eclipse.jgit.ssh.jsch.feature.group [5.9.0.202009080501-r]
[2021-02-05 00:54:51] Installing org.eclipse.jgit.ssh.jsch.feature.jar [5.9.0.202009080501-r]
[2021-02-05 00:54:51] Installing org.eclipse.jsch.core [1.3.900.v20200422-1935]
[2021-02-05 00:54:51] Installing org.eclipse.jsch.ui [1.3.1000.v20200610-0847]
[2021-02-05 00:54:51] Installing org.eclipse.lsp4e [0.13.3.202008291637]
[2021-02-05 00:54:51] Installing org.eclipse.lsp4j [0.9.0.v20200229-1009]
[2021-02-05 00:54:51] Installing org.eclipse.lsp4j.jsonrpc [0.9.0.v20200229-1009]
[2021-02-05 00:54:51] Installing org.eclipse.ltk.core.refactoring [3.11.100.v20200720-0748]
[2021-02-05 00:54:51] Installing org.eclipse.ltk.ui.refactoring [3.11.100.v20200817-1715]
[2021-02-05 00:54:51] Installing org.eclipse.m2e.archetype.common [1.16.0.20200610-1735]
[2021-02-05 00:54:51] Installing org.eclipse.m2e.binaryproject [1.16.0.20200318-1040]
[2021-02-05 00:54:51] Installing org.eclipse.m2e.binaryproject.ui [1.16.0.20200318-0852]
[2021-02-05 00:54:51] Installing org.eclipse.m2e.core [1.16.1.20200710-1008]
[2021-02-05 00:54:51] Installing org.eclipse.m2e.core.ui [1.16.1.20200710-1008]
[2021-02-05 00:54:51] Installing org.eclipse.m2e.discovery [1.16.0.20200318-1040]
[2021-02-05 00:54:51] Installing org.eclipse.m2e.editor [1.16.1.20200707-1458]
[2021-02-05 00:54:51] Installing org.eclipse.m2e.editor.lemminx [1.16.2.20200902-0711]
[2021-02-05 00:54:51] Installing org.eclipse.m2e.editor.xml [1.16.1.20200708-1243]
[2021-02-05 00:54:51] Installing org.eclipse.m2e.feature.feature.group [1.16.1.20200710-1008]
[2021-02-05 00:54:51] Installing org.eclipse.m2e.feature.feature.jar [1.16.1.20200710-1008]
[2021-02-05 00:54:51] Installing org.eclipse.m2e.importer [1.16.0.20200318-0852]
[2021-02-05 00:54:51] Installing org.eclipse.m2e.jdt [1.16.0.20200610-1500]
[2021-02-05 00:54:51] Installing org.eclipse.m2e.jdt.ui [1.16.0.20200318-1040]
[2021-02-05 00:54:51] Installing org.eclipse.m2e.launching [1.16.0.20200318-1040]
[2021-02-05 00:54:51] Installing org.eclipse.m2e.lemminx.feature.feature.group [1.16.2.20200902-0711]
[2021-02-05 00:54:51] Installing org.eclipse.m2e.lemminx.feature.feature.jar [1.16.2.20200902-0711]
[2021-02-05 00:54:51] Installing org.eclipse.m2e.lifecyclemapping.defaults [1.16.0.20200318-0852]
[2021-02-05 00:54:51] Installing org.eclipse.m2e.logback.appender [1.16.0.20200318-1040]
[2021-02-05 00:54:51] Installing org.eclipse.m2e.logback.configuration [1.16.0.20200318-1040]
[2021-02-05 00:54:51] Installing org.eclipse.m2e.logback.feature.feature.group [1.16.0.20200318-1040]
[2021-02-05 00:54:51] Installing org.eclipse.m2e.logback.feature.feature.jar [1.16.0.20200318-1040]
[2021-02-05 00:54:51] Installing org.eclipse.m2e.maven.indexer [1.16.0.20200610-1735]
[2021-02-05 00:54:51] Installing org.eclipse.m2e.maven.runtime [1.16.0.20200610-1735]
[2021-02-05 00:54:51] Installing org.eclipse.m2e.maven.runtime.slf4j.simple [1.16.0.20200610-1735]
[2021-02-05 00:54:51] Installing org.eclipse.m2e.model.edit [1.16.0.20200514-1409]
[2021-02-05 00:54:51] Installing org.eclipse.m2e.profiles.core [1.16.0.20200318-1040]
[2021-02-05 00:54:51] Installing org.eclipse.m2e.profiles.ui [1.16.0.20200318-1040]
[2021-02-05 00:54:51] Installing org.eclipse.m2e.refactoring [1.16.0.20200318-0852]
[2021-02-05 00:54:51] Installing org.eclipse.m2e.scm [1.16.0.20200318-1040]
[2021-02-05 00:54:51] Installing org.eclipse.m2e.sourcelookup [1.16.0.20200318-0852]
[2021-02-05 00:54:51] Installing org.eclipse.m2e.sourcelookup.ui [1.16.0.20200318-0852]
[2021-02-05 00:54:51] Installing org.eclipse.m2e.sse.ui.feature.feature.group [1.16.1.20200708-1243]
[2021-02-05 00:54:51] Installing org.eclipse.m2e.sse.ui.feature.feature.jar [1.16.1.20200708-1243]
[2021-02-05 00:54:51] Installing org.eclipse.m2e.workspace.cli [0.3.1]
[2021-02-05 00:54:51] Installing org.eclipse.mylyn.commons.core [3.25.2.v20200813-0821]
[2021-02-05 00:54:51] Installing org.eclipse.mylyn.commons.notifications.core [1.17.2.v20200813-0821]
[2021-02-05 00:54:51] Installing org.eclipse.mylyn.commons.notifications.ui [1.17.2.v20200813-0821]
[2021-02-05 00:54:51] Installing org.eclipse.mylyn.commons.screenshots [3.25.2.v20200813-0821]
[2021-02-05 00:54:51] Installing org.eclipse.mylyn.commons.ui [3.25.2.v20200813-0821]
[2021-02-05 00:54:51] Installing org.eclipse.mylyn.commons.workbench [3.25.2.v20200813-0821]
[2021-02-05 00:54:51] Installing org.eclipse.mylyn.wikitext [3.0.38.20200817211131]
[2021-02-05 00:54:51] Installing org.eclipse.mylyn.wikitext.ant [3.0.38.20200817211131]
[2021-02-05 00:54:51] Installing org.eclipse.mylyn.wikitext.asciidoc [3.0.38.20200817211131]
[2021-02-05 00:54:51] Installing org.eclipse.mylyn.wikitext.asciidoc.ui [3.0.38.202008172112]
[2021-02-05 00:54:51] Installing org.eclipse.mylyn.wikitext.confluence [3.0.38.20200817211131]
[2021-02-05 00:54:51] Installing org.eclipse.mylyn.wikitext.confluence.ui [3.0.38.202008172112]
[2021-02-05 00:54:51] Installing org.eclipse.mylyn.wikitext.editors_feature.feature.group [3.0.38.202008172112]
[2021-02-05 00:54:51] Installing org.eclipse.mylyn.wikitext.editors_feature.feature.jar [3.0.38.202008172112]
[2021-02-05 00:54:51] Installing org.eclipse.mylyn.wikitext.help.ui [3.0.38.202008172112]
[2021-02-05 00:54:51] Installing org.eclipse.mylyn.wikitext.html [3.0.38.20200817211131]
[2021-02-05 00:54:51] Installing org.eclipse.mylyn.wikitext.markdown [3.0.38.20200817211131]
[2021-02-05 00:54:51] Installing org.eclipse.mylyn.wikitext.markdown.ui [3.0.38.202008172112]
[2021-02-05 00:54:51] Installing org.eclipse.mylyn.wikitext.mediawiki [3.0.38.20200817211131]
[2021-02-05 00:54:51] Installing org.eclipse.mylyn.wikitext.mediawiki.ui [3.0.38.202008172112]
[2021-02-05 00:54:51] Installing org.eclipse.mylyn.wikitext.osgi [3.0.38.202008172112]
[2021-02-05 00:54:51] Installing org.eclipse.mylyn.wikitext.textile [3.0.38.20200817211131]
[2021-02-05 00:54:51] Installing org.eclipse.mylyn.wikitext.textile.ui [3.0.38.202008172112]
[2021-02-05 00:54:51] Installing org.eclipse.mylyn.wikitext.tracwiki [3.0.38.20200817211131]
[2021-02-05 00:54:51] Installing org.eclipse.mylyn.wikitext.tracwiki.ui [3.0.38.202008172112]
[2021-02-05 00:54:51] Installing org.eclipse.mylyn.wikitext.twiki [3.0.38.20200817211131]
[2021-02-05 00:54:51] Installing org.eclipse.mylyn.wikitext.twiki.ui [3.0.38.202008172112]
[2021-02-05 00:54:51] Installing org.eclipse.mylyn.wikitext.ui [3.0.38.202008172112]
[2021-02-05 00:54:51] Installing org.eclipse.nebula.widgets.tablecombo [1.2.0.202101180939]
[2021-02-05 00:54:51] Installing org.eclipse.oomph.base [1.14.0.v20200624-1156]
[2021-02-05 00:54:51] Installing org.eclipse.oomph.base.edit [1.13.0.v20200720-0841]
[2021-02-05 00:54:51] Installing org.eclipse.oomph.extractor.lib [1.8.0.v20200624-1156]
[2021-02-05 00:54:51] Installing org.eclipse.oomph.jreinfo [1.14.0.v20200901-1012]
[2021-02-05 00:54:51] Installing org.eclipse.oomph.jreinfo.ui [1.12.0.v20200720-0749]
[2021-02-05 00:54:51] Installing org.eclipse.oomph.jreinfo.win32.x86_64 [1.7.0.v20191107-1011]
[2021-02-05 00:54:51] Installing org.eclipse.oomph.p2 [1.14.0.v20200624-1156]
[2021-02-05 00:54:51] Installing org.eclipse.oomph.p2.core [1.17.0.v20200820-0414]
[2021-02-05 00:54:51] Installing org.eclipse.oomph.p2.doc [1.11.0.v20200624-1156]
[2021-02-05 00:54:51] Installing org.eclipse.oomph.p2.edit [1.14.0.v20200624-1156]
[2021-02-05 00:54:51] Installing org.eclipse.oomph.p2.feature.group [1.18.0.v20201231-0755]
[2021-02-05 00:54:51] Installing org.eclipse.oomph.p2.feature.jar [1.18.0.v20201231-0755]
[2021-02-05 00:54:51] Installing org.eclipse.oomph.p2.ui [1.15.0.v20201231-0755]
[2021-02-05 00:54:51] Installing org.eclipse.oomph.predicates [1.12.0.v20200624-1156]
[2021-02-05 00:54:51] Installing org.eclipse.oomph.predicates.edit [1.11.0.v20200624-1156]
[2021-02-05 00:54:51] Installing org.eclipse.oomph.preferences [1.12.0.v20200624-1156]
[2021-02-05 00:54:51] Installing org.eclipse.oomph.resources [1.14.0.v20200624-1156]
[2021-02-05 00:54:51] Installing org.eclipse.oomph.resources.edit [1.11.0.v20200624-1156]
[2021-02-05 00:54:51] Installing org.eclipse.oomph.setup [1.18.0.v20201230-0937]
[2021-02-05 00:54:51] Installing org.eclipse.oomph.setup.core [1.19.0.v20210111-1121]
[2021-02-05 00:54:51] Installing org.eclipse.oomph.setup.core.feature.group [1.19.0.v20210111-1121]
[2021-02-05 00:54:51] Installing org.eclipse.oomph.setup.core.feature.jar [1.19.0.v20210111-1121]
[2021-02-05 00:54:51] Installing org.eclipse.oomph.setup.doc [1.11.0.v20200624-1156]
[2021-02-05 00:54:51] Installing org.eclipse.oomph.setup.edit [1.15.0.v20200624-1156]
[2021-02-05 00:54:51] Installing org.eclipse.oomph.setup.editor [1.18.0.v20200805-0908]
[2021-02-05 00:54:51] Installing org.eclipse.oomph.setup.feature.group [1.20.0.v20210126-0525]
[2021-02-05 00:54:51] Installing org.eclipse.oomph.setup.feature.jar [1.20.0.v20210126-0525]
[2021-02-05 00:54:51] Installing org.eclipse.oomph.setup.p2 [1.16.0.v20200814-1205]
[2021-02-05 00:54:51] Installing org.eclipse.oomph.setup.p2.edit [1.13.0.v20200624-1156]
[2021-02-05 00:54:51] Installing org.eclipse.oomph.setup.sync [1.13.0.v20200624-1156]
[2021-02-05 00:54:51] Installing org.eclipse.oomph.setup.ui [1.20.0.v20210126-0525]
[2021-02-05 00:54:51] Installing org.eclipse.oomph.setup.ui.questionnaire [1.12.0.v20200624-1156]
[2021-02-05 00:54:51] Installing org.eclipse.oomph.ui [1.15.0.v20200820-0414]
[2021-02-05 00:54:51] Installing org.eclipse.oomph.util [1.16.0.v20201230-0920]
[2021-02-05 00:54:51] Installing org.eclipse.oomph.workingsets [1.11.0.v20200624-1156]
[2021-02-05 00:54:51] Installing org.eclipse.oomph.workingsets.edit [1.11.0.v20200624-1156]
[2021-02-05 00:54:51] Installing org.eclipse.oomph.workingsets.editor [1.12.0.v20200624-1156]
[2021-02-05 00:54:51] Installing org.eclipse.osgi [3.16.0.v20200828-0759]
[2021-02-05 00:54:51] Installing org.eclipse.osgi.compatibility.state [1.2.100.v20200811-1344]
[2021-02-05 00:54:51] Installing org.eclipse.osgi.services [3.9.0.v20200511-1725]
[2021-02-05 00:54:51] Installing org.eclipse.osgi.util [3.5.300.v20190708-1141]
[2021-02-05 00:54:51] Installing org.eclipse.platform [4.17.0.v20200902-1800]
[2021-02-05 00:54:51] Installing org.eclipse.platform.doc.user [4.17.0.v20200831-0727]
[2021-02-05 00:54:51] Installing org.eclipse.platform.feature.group [4.17.0.v20200902-1800]
[2021-02-05 00:54:51] Installing org.eclipse.platform.feature.jar [4.17.0.v20200902-1800]
[2021-02-05 00:54:51] Installing org.eclipse.platform.ide [4.17.0.I20200902-1800]
[2021-02-05 00:54:51] Installing org.eclipse.platform.ide.executable.win32.win32.x86_64 [4.17.0.I20200902-1800]
[2021-02-05 00:54:51] Installing org.eclipse.platform.ide.executable.win32.win32.x86_64.eclipse [4.17.0.I20200902-1800]
[2021-02-05 00:54:51] Installing org.eclipse.platform_root [4.17.0.v20200902-1800]
[2021-02-05 00:54:51] Installing org.eclipse.rcp [4.17.0.v20200902-1800]
[2021-02-05 00:54:51] Installing org.eclipse.rcp.feature.group [4.17.0.v20200902-1800]
[2021-02-05 00:54:51] Installing org.eclipse.rcp.feature.jar [4.17.0.v20200902-1800]
[2021-02-05 00:54:51] Installing org.eclipse.rcp_root [4.17.0.v20200902-1800]
[2021-02-05 00:54:51] Installing org.eclipse.search [3.12.0.v20200727-2017]
[2021-02-05 00:54:51] Installing org.eclipse.swt [3.115.0.v20200831-1002]
[2021-02-05 00:54:51] Installing org.eclipse.swt.browser.chromium.win32.win32.x86_64 [3.115.0.v20200831-1002]
[2021-02-05 00:54:51] Installing org.eclipse.swt.win32.win32.x86_64 [3.115.0.v20200831-1002]
[2021-02-05 00:54:51] Installing org.eclipse.team.core [3.8.1100.v20200806-0621]
[2021-02-05 00:54:51] Installing org.eclipse.team.genericeditor.diff.extension [1.0.600.v20200212-1524]
[2021-02-05 00:54:51] Installing org.eclipse.team.ui [3.8.1000.v20200806-0621]
[2021-02-05 00:54:51] Installing org.eclipse.text [3.10.300.v20200807-0831]
[2021-02-05 00:54:51] Installing org.eclipse.text.quicksearch [1.0.300.v20200519-2023]
[2021-02-05 00:54:51] Installing org.eclipse.tips.core [0.1.600.v20191123-0656]
[2021-02-05 00:54:51] Installing org.eclipse.tips.feature.feature.group [0.2.1100.v20200724-0938]
[2021-02-05 00:54:51] Installing org.eclipse.tips.feature.feature.jar [0.2.1100.v20200724-0938]
[2021-02-05 00:54:51] Installing org.eclipse.tips.ide [0.1.900.v20200522-1444]
[2021-02-05 00:54:51] Installing org.eclipse.tips.json [0.1.700.v20200724-0926]
[2021-02-05 00:54:51] Installing org.eclipse.tips.ui [0.1.1000.v20200724-0938]
[2021-02-05 00:54:51] Installing org.eclipse.tm4e.core [0.4.1.202006041920]
[2021-02-05 00:54:51] Installing org.eclipse.tm4e.registry [0.4.0.201911130739]
[2021-02-05 00:54:51] Installing org.eclipse.tm4e.ui [0.4.1.202008270629]
[2021-02-05 00:54:51] Installing org.eclipse.ui [3.118.0.v20200807-0902]
[2021-02-05 00:54:51] Installing org.eclipse.ui.browser [3.6.900.v20200807-1330]
[2021-02-05 00:54:51] Installing org.eclipse.ui.cheatsheets [3.7.0.v20200805-2057]
[2021-02-05 00:54:51] Installing org.eclipse.ui.console [3.9.300.v20200828-0817]
[2021-02-05 00:54:51] Installing org.eclipse.ui.editors [3.13.300.v20200812-2334]
[2021-02-05 00:54:51] Installing org.eclipse.ui.externaltools [3.4.800.v20200612-0848]
[2021-02-05 00:54:51] Installing org.eclipse.ui.forms [3.10.0.v20200727-0948]
[2021-02-05 00:54:51] Installing org.eclipse.ui.genericeditor [1.1.800.v20200828-1000]
[2021-02-05 00:54:51] Installing org.eclipse.ui.ide [3.17.200.v20200808-0622]
[2021-02-05 00:54:51] Installing org.eclipse.ui.ide.application [1.3.800.v20200713-0938]
[2021-02-05 00:54:51] Installing org.eclipse.ui.intro [3.5.1100.v20200828-0803]
[2021-02-05 00:54:51] Installing org.eclipse.ui.intro.quicklinks [1.1.0.v20200724-0708]
[2021-02-05 00:54:51] Installing org.eclipse.ui.intro.universal [3.4.0.v20200805-1259]
[2021-02-05 00:54:51] Installing org.eclipse.ui.monitoring [1.1.800.v20200820-1401]
[2021-02-05 00:54:51] Installing org.eclipse.ui.navigator [3.9.400.v20200723-2304]
[2021-02-05 00:54:51] Installing org.eclipse.ui.navigator.resources [3.7.400.v20200722-0751]
[2021-02-05 00:54:51] Installing org.eclipse.ui.net [1.3.800.v20200422-1935]
[2021-02-05 00:54:51] Installing org.eclipse.ui.themes [1.2.1100.v20200825-0757]
[2021-02-05 00:54:51] Installing org.eclipse.ui.views [3.10.400.v20200611-1719]
[2021-02-05 00:54:51] Installing org.eclipse.ui.views.log [1.2.1200.v20200828-0938]
[2021-02-05 00:54:51] Installing org.eclipse.ui.views.properties.tabbed [3.8.1000.v20200609-0849]
[2021-02-05 00:54:51] Installing org.eclipse.ui.win32 [3.4.400.v20200414-1247]
[2021-02-05 00:54:52] Installing org.eclipse.ui.workbench [3.120.0.v20200829-1411]
[2021-02-05 00:54:52] Installing org.eclipse.ui.workbench.texteditor [3.15.0.v20200812-2334]
[2021-02-05 00:54:52] Installing org.eclipse.update.configurator [3.4.600.v20200422-1910]
[2021-02-05 00:54:52] Installing org.eclipse.urischeme [1.1.100.v20200729-2048]
[2021-02-05 00:54:52] Installing org.eclipse.userstorage [1.2.0.v20190307-0457]
[2021-02-05 00:54:52] Installing org.eclipse.userstorage.feature.group [1.2.0.v20191120-1614]
[2021-02-05 00:54:52] Installing org.eclipse.userstorage.feature.jar [1.2.0.v20191120-1614]
[2021-02-05 00:54:52] Installing org.eclipse.userstorage.oauth [1.1.0.v20190307-0457]
[2021-02-05 00:54:52] Installing org.eclipse.userstorage.ui [1.1.0.v20190307-0457]
[2021-02-05 00:54:52] Installing org.eclipse.wildwebdeveloper.xml [0.9.1.202007231627]
[2021-02-05 00:54:52] Installing org.eclipse.wildwebdeveloper.xml.feature.feature.group [0.10.2.202007231627]
[2021-02-05 00:54:52] Installing org.eclipse.wildwebdeveloper.xml.feature.feature.jar [0.10.2.202007231627]
[2021-02-05 00:54:52] Installing org.eclipse.wst.common.core [1.4.0.v202007161535]
[2021-02-05 00:54:52] Installing org.eclipse.wst.common.emf [1.2.700.v202007161535]
[2021-02-05 00:54:52] Installing org.eclipse.wst.common.environment [1.0.401.v202007142017]
[2021-02-05 00:54:52] Installing org.eclipse.wst.common.frameworks [1.2.202.v202007142017]
[2021-02-05 00:54:52] Installing org.eclipse.wst.common.frameworks.ui [1.2.401.v202007142017]
[2021-02-05 00:54:52] Installing org.eclipse.wst.common.project.facet.core [1.4.401.v202007142017]
[2021-02-05 00:54:52] Installing org.eclipse.wst.common.ui [1.2.0.v202007161535]
[2021-02-05 00:54:52] Installing org.eclipse.wst.common.uriresolver [1.3.0.v202007161535]
[2021-02-05 00:54:52] Installing org.eclipse.wst.sse.core [1.2.500.v202008090735]
[2021-02-05 00:54:52] Installing org.eclipse.wst.sse.ui [1.7.100.v202008192217]
[2021-02-05 00:54:52] Installing org.eclipse.wst.validation [1.2.801.v202007142017]
[2021-02-05 00:54:52] Installing org.eclipse.wst.validation.ui [1.2.601.v202007142017]
[2021-02-05 00:54:52] Installing org.eclipse.wst.xml.core [1.2.300.v202007191910]
[2021-02-05 00:54:52] Installing org.eclipse.wst.xml.ui [1.2.500.v202008091424]
[2021-02-05 00:54:52] Installing org.eclipse.wst.xsd.core [1.2.100.v202008180353]
[2021-02-05 00:54:52] Installing org.eclipse.xsd [2.18.0.v20200723-0820]
[2021-02-05 00:54:52] Installing org.eclipse.xtext.xbase.lib [2.23.0.v20200831-0723]
[2021-02-05 00:54:52] Installing org.gradle.toolingapi [6.3.0.v20200326-1743]
[2021-02-05 00:54:52] Installing org.hamcrest.core [1.3.0.v20180420-1519]
[2021-02-05 00:54:52] Installing org.jacoco.agent [0.8.5.v20191029-2054]
[2021-02-05 00:54:52] Installing org.jacoco.core [0.8.5.v20191029-2054]
[2021-02-05 00:54:52] Installing org.jacoco.report [0.8.5.v20191029-2054]
[2021-02-05 00:54:52] Installing org.jcodings [1.0.18.v20170306-1742]
[2021-02-05 00:54:52] Installing org.joni [2.1.11.v20170306-1742]
[2021-02-05 00:54:52] Installing org.jsoup [1.8.3.v20181012-1713]
[2021-02-05 00:54:52] Installing org.junit [4.13.0.v20200204-1500]
[2021-02-05 00:54:52] Installing org.junit.jupiter.api [5.6.0.v20200203-2009]
[2021-02-05 00:54:52] Installing org.junit.jupiter.engine [5.6.0.v20200203-2009]
[2021-02-05 00:54:52] Installing org.junit.jupiter.migrationsupport [5.6.0.v20200203-2009]
[2021-02-05 00:54:52] Installing org.junit.jupiter.params [5.6.0.v20200203-2009]
[2021-02-05 00:54:52] Installing org.junit.platform.commons [1.6.0.v20200203-2009]
[2021-02-05 00:54:52] Installing org.junit.platform.engine [1.6.0.v20200203-2009]
[2021-02-05 00:54:52] Installing org.junit.platform.launcher [1.6.0.v20200203-2009]
[2021-02-05 00:54:52] Installing org.junit.platform.runner [1.6.0.v20200203-2009]
[2021-02-05 00:54:52] Installing org.junit.platform.suite.api [1.6.0.v20200203-2009]
[2021-02-05 00:54:52] Installing org.junit.vintage.engine [5.6.0.v20200203-2009]
[2021-02-05 00:54:52] Installing org.maven.ide.eclipse [1.16.1.20200710-1008]
[2021-02-05 00:54:52] Installing org.objectweb.asm [7.2.0.v20191010-1910]
[2021-02-05 00:54:52] Installing org.objectweb.asm.commons [7.2.0.v20191010-1910]
[2021-02-05 00:54:52] Installing org.objectweb.asm.tree [7.2.0.v20191010-1910]
[2021-02-05 00:54:52] Installing org.opentest4j [1.2.0.v20190826-0900]
[2021-02-05 00:54:52] Installing org.sat4j.core [2.3.5.v201308161310]
[2021-02-05 00:54:52] Installing org.sat4j.pb [2.3.5.v201404071733]
[2021-02-05 00:54:52] Installing org.slf4j.api [1.7.2.v20121108-1250]
[2021-02-05 00:54:52] Installing org.tukaani.xz [1.8.0.v20180207-1613]
[2021-02-05 00:54:52] Installing org.w3c.css.sac [1.3.1.v200903091627]
[2021-02-05 00:54:52] Installing org.w3c.dom.events [3.0.0.draft20060413_v201105210656]
[2021-02-05 00:54:52] Installing org.w3c.dom.smil [1.0.1.v200903091627]
[2021-02-05 00:54:52] Installing org.w3c.dom.svg [1.1.0.v201011041433]
[2021-02-05 00:54:52] Installing tooling.org.eclipse.update.feature.default [1.0.0]
[2021-02-05 00:54:52] Installing tooling.osgi.bundle.default [1.0.0]
[2021-02-05 00:54:52] Installing tooling.source.default [1.0.0]
[2021-02-05 00:54:52] Installing toolingepp.package.java.application [4.17.0.20200910-1200]
[2021-02-05 00:54:52] Installing toolingepp.package.java.config.win32.win32.x86_64 [4.17.0.20200910-1200]
[2021-02-05 00:54:52] Installing toolingepp.package.java.configuration [4.17.0.20200910-1200]
[2021-02-05 00:54:52] Installing toolingepp.package.java.executable.win32.win32.x86_64 [4.17.0.20200910-1200]
[2021-02-05 00:54:52] Installing toolingepp.package.java.ini.win32.win32.x86_64 [4.17.0.20200910-1200]
[2021-02-05 00:54:52] Installing toolingorg.eclipse.equinox.launcher [1.5.800.v20200727-1323]
[2021-02-05 00:54:52] Installing toolingorg.eclipse.equinox.launcher.win32.win32.x86_64 [1.1.1300.v20200819-0940]
[2021-02-05 00:54:52] Installing toolingorg.eclipse.platform.configuration [1.0.0]
[2021-02-05 00:54:52] Installing toolingorg.eclipse.platform.ide.application [4.17.0.I20200902-1800]
[2021-02-05 00:54:52] Installing toolingorg.eclipse.platform.ide.config.win32.win32.x86_64 [4.17.0.I20200902-1800]
[2021-02-05 00:54:52] Installing toolingorg.eclipse.platform.ide.configuration [4.17.0.I20200902-1800]
[2021-02-05 00:54:52] Installing toolingorg.eclipse.platform.ide.executable.win32.win32.x86_64 [4.17.0.I20200902-1800]
[2021-02-05 00:54:52] Installing toolingorg.eclipse.platform.ide.ini.win32.win32.x86_64 [4.17.0.I20200902-1800]
[2021-02-05 00:54:52] Installing toolingwin32.win32.x86_64org.apache.felix.scr [4.17.0.I20200902-1800]
[2021-02-05 00:54:52] Installing toolingwin32.win32.x86_64org.eclipse.core.runtime [4.17.0.I20200902-1800]
[2021-02-05 00:54:52] Installing toolingwin32.win32.x86_64org.eclipse.equinox.common [4.17.0.I20200902-1800]
[2021-02-05 00:54:52] Installing toolingwin32.win32.x86_64org.eclipse.equinox.event [4.17.0.I20200902-1800]
[2021-02-05 00:54:52] Installing toolingwin32.win32.x86_64org.eclipse.equinox.p2.reconciler.dropins [4.17.0.I20200902-1800]
[2021-02-05 00:54:52] Installing toolingwin32.win32.x86_64org.eclipse.equinox.simpleconfigurator [4.17.0.I20200902-1800]
[2021-02-05 00:54:52] Preparing to commit the provisioning operation.
[2021-02-05 00:54:53] Committing the provisioning operation.
[2021-02-05 00:54:55] Performing Eclipse Ini --launcher.appendVmargs
[2021-02-05 00:54:55] Performing Eclipse Ini -Declipse.p2.max.threads=10
[2021-02-05 00:54:55] Changing C:\Users\cm\Desktop\java-2020-09\eclipse\eclipse.ini (-Declipse.p2.max.threads=10)
[2021-02-05 00:54:55] Performing Eclipse Ini -Doomph.update.url=http://download.eclipse.org/oomph/updates/milestone/latest
[2021-02-05 00:54:55] Changing C:\Users\cm\Desktop\java-2020-09\eclipse\eclipse.ini (-Doomph.update.url=http://download.eclipse.org/oomph/updates/milestone/latest)
[2021-02-05 00:54:55] Performing Eclipse Ini -Doomph.redirection.index.redirection=index:/->http://git.eclipse.org/c/oomph/org.eclipse.oomph.git/plain/setups/
[2021-02-05 00:54:55] Changing C:\Users\cm\Desktop\java-2020-09\eclipse\eclipse.ini (-Doomph.redirection.index.redirection=index:/->http://git.eclipse.org/c/oomph/org.eclipse.oomph.git/plain/setups/)
[2021-02-05 00:54:55] Performing post bootstrap tasks
[2021-02-05 00:54:55] 
